<?xml version="1.0" encoding="UTF-8"?>
<!-- Generated by org.testng.reporters.JUnitXMLReporter -->
<testsuite hostname="GGKU4DELL1186" ignored="0" name="Test" tests="8" failures="7" timestamp="26 Aug 2019 08:03:09 GMT" time="13.243" errors="0">
  <testcase name="LoginTest" time="1.197" classname="testscripts._1_Organization_Location"/>
  <testcase name="location" time="0.002" classname="testscripts._1_Organization_Location">
    <failure type="java.lang.NullPointerException">
      <![CDATA[java.lang.NullPointerException
at org.openqa.selenium.remote.RemoteWebDriver.findElement(RemoteWebDriver.java:309)
at resources.Baselibrary.webElement(Baselibrary.java:121)
at pageobjects._1_Organization_LocationPage.getBtnAdd(_1_Organization_LocationPage.java:93)
at testscripts._1_Organization_Location.location(_1_Organization_Location.java:51)
... Removed 25 stack frames]]>
    </failure>
  </testcase> <!-- location -->
  <testcase name="locationcancel" time="0.002" classname="testscripts._1_Organization_Location">
    <failure type="java.lang.NullPointerException">
      <![CDATA[java.lang.NullPointerException
at org.openqa.selenium.remote.RemoteWebDriver.findElement(RemoteWebDriver.java:309)
at resources.Baselibrary.webElement(Baselibrary.java:121)
at pageobjects._2_Organization_AddLocationPage.getBtnCancel(_2_Organization_AddLocationPage.java:85)
at testscripts._1_Organization_Location.locationcancel(_1_Organization_Location.java:65)
... Removed 25 stack frames]]>
    </failure>
  </testcase> <!-- locationcancel -->
  <testcase name="locationpagenavigation" time="0.003" classname="testscripts._1_Organization_Location">
    <failure type="java.lang.NullPointerException">
      <![CDATA[java.lang.NullPointerException
at org.openqa.selenium.remote.RemoteWebDriver.findElement(RemoteWebDriver.java:309)
at resources.Baselibrary.webElement(Baselibrary.java:121)
at pageobjects._1_Organization_LocationPage.getLinkAdmin(_1_Organization_LocationPage.java:61)
at testscripts._1_Organization_Location.locationpagenavigation(_1_Organization_Location.java:45)
... Removed 25 stack frames]]>
    </failure>
  </testcase> <!-- locationpagenavigation -->
  <testcase name="locationsave" time="0.002" classname="testscripts._1_Organization_Location">
    <failure type="java.lang.NullPointerException">
      <![CDATA[java.lang.NullPointerException
at org.openqa.selenium.remote.RemoteWebDriver.findElement(RemoteWebDriver.java:309)
at resources.Baselibrary.webElement(Baselibrary.java:121)
at pageobjects._1_Organization_LocationPage.getBtnAdd(_1_Organization_LocationPage.java:93)
at testscripts._1_Organization_Location.location(_1_Organization_Location.java:51)
at testscripts._1_Organization_Location.locationsave(_1_Organization_Location.java:70)
... Removed 25 stack frames]]>
    </failure>
  </testcase> <!-- locationsave -->
  <testcase name="searchlocation" time="0.002" classname="testscripts._1_Organization_Location">
    <failure type="java.lang.NullPointerException">
      <![CDATA[java.lang.NullPointerException
at org.openqa.selenium.remote.RemoteWebDriver.findElement(RemoteWebDriver.java:309)
at resources.Baselibrary.webElement(Baselibrary.java:121)
at pageobjects._1_Organization_LocationPage.getTbLocationName(_1_Organization_LocationPage.java:73)
at testscripts._1_Organization_Location.searchlocation(_1_Organization_Location.java:76)
... Removed 25 stack frames]]>
    </failure>
  </testcase> <!-- searchlocation -->
  <testcase name="resetlocation" time="0.002" classname="testscripts._1_Organization_Location">
    <failure type="java.lang.NullPointerException">
      <![CDATA[java.lang.NullPointerException
at org.openqa.selenium.remote.RemoteWebDriver.findElement(RemoteWebDriver.java:309)
at resources.Baselibrary.webElement(Baselibrary.java:121)
at pageobjects._1_Organization_LocationPage.getBtnReset(_1_Organization_LocationPage.java:89)
at testscripts._1_Organization_Location.resetlocation(_1_Organization_Location.java:83)
... Removed 25 stack frames]]>
    </failure>
  </testcase> <!-- resetlocation -->
  <testcase name="searchdeletelocation" time="0.001" classname="testscripts._1_Organization_Location">
    <failure type="java.lang.NullPointerException">
      <![CDATA[java.lang.NullPointerException
at org.openqa.selenium.remote.RemoteWebDriver.findElement(RemoteWebDriver.java:309)
at resources.Baselibrary.webElement(Baselibrary.java:121)
at pageobjects._1_Organization_LocationPage.getTbLocationName(_1_Organization_LocationPage.java:73)
at testscripts._1_Organization_Location.searchlocation(_1_Organization_Location.java:76)
at testscripts._1_Organization_Location.searchdeletelocation(_1_Organization_Location.java:88)
... Removed 25 stack frames]]>
    </failure>
  </testcase> <!-- searchdeletelocation -->
</testsuite> <!-- Test -->
